<?xml version="1.0" encoding="UTF-8"?>
<testsuite xmlns:xsi="http://www.w3.org/2001/XMLSchema-instance" xsi:noNamespaceSchemaLocation="https://maven.apache.org/surefire/maven-surefire-plugin/xsd/surefire-test-report.xsd" name="com.test.MainTest" time="0.38" tests="3" errors="0" skipped="0" failures="0">
  <properties>
    <property name="java.specification.version" value="19"/>
    <property name="sun.cpu.isalist" value="amd64"/>
    <property name="sun.jnu.encoding" value="GBK"/>
    <property name="java.class.path" value="C:\Users\古峰\IdeaProjects\BookManage\target\test-classes;C:\Users\古峰\IdeaProjects\BookManage\target\classes;C:\lib\maven\MavenRepository\org\projectlombok\lombok\1.18.22\lombok-1.18.22.jar;C:\lib\maven\MavenRepository\org\junit\jupiter\junit-jupiter\5.8.1\junit-jupiter-5.8.1.jar;C:\lib\maven\MavenRepository\org\junit\jupiter\junit-jupiter-api\5.8.1\junit-jupiter-api-5.8.1.jar;C:\lib\maven\MavenRepository\org\opentest4j\opentest4j\1.2.0\opentest4j-1.2.0.jar;C:\lib\maven\MavenRepository\org\junit\platform\junit-platform-commons\1.8.1\junit-platform-commons-1.8.1.jar;C:\lib\maven\MavenRepository\org\apiguardian\apiguardian-api\1.1.2\apiguardian-api-1.1.2.jar;C:\lib\maven\MavenRepository\org\junit\jupiter\junit-jupiter-params\5.8.1\junit-jupiter-params-5.8.1.jar;C:\lib\maven\MavenRepository\org\junit\jupiter\junit-jupiter-engine\5.8.1\junit-jupiter-engine-5.8.1.jar;C:\lib\maven\MavenRepository\org\junit\platform\junit-platform-engine\1.8.1\junit-platform-engine-1.8.1.jar;C:\lib\maven\MavenRepository\mysql\mysql-connector-java\8.0.27\mysql-connector-java-8.0.27.jar;C:\lib\maven\MavenRepository\com\google\protobuf\protobuf-java\3.11.4\protobuf-java-3.11.4.jar;C:\lib\maven\MavenRepository\org\mybatis\mybatis\3.5.7\mybatis-3.5.7.jar;"/>
    <property name="java.vm.vendor" value="Oracle Corporation"/>
    <property name="sun.arch.data.model" value="64"/>
    <property name="user.variant" value=""/>
    <property name="java.vendor.url" value="https://java.oracle.com/"/>
    <property name="user.timezone" value="Asia/Shanghai"/>
    <property name="os.name" value="Windows 11"/>
    <property name="java.vm.specification.version" value="19"/>
    <property name="sun.java.launcher" value="SUN_STANDARD"/>
    <property name="user.country" value="CN"/>
    <property name="sun.boot.library.path" value="C:\lib\JDK\jdk-19.0.2\bin"/>
    <property name="sun.java.command" value="C:\Users\古峰\AppData\Local\Temp\surefire15578611380748662148\surefirebooter17791543699244869958.jar C:\Users\古峰\AppData\Local\Temp\surefire15578611380748662148 2023-03-23T20-09-39_289-jvmRun1 surefire6616282553338947692tmp surefire_04544264047166808662tmp"/>
    <property name="jdk.debug" value="release"/>
    <property name="surefire.test.class.path" value="C:\Users\古峰\IdeaProjects\BookManage\target\test-classes;C:\Users\古峰\IdeaProjects\BookManage\target\classes;C:\lib\maven\MavenRepository\org\projectlombok\lombok\1.18.22\lombok-1.18.22.jar;C:\lib\maven\MavenRepository\org\junit\jupiter\junit-jupiter\5.8.1\junit-jupiter-5.8.1.jar;C:\lib\maven\MavenRepository\org\junit\jupiter\junit-jupiter-api\5.8.1\junit-jupiter-api-5.8.1.jar;C:\lib\maven\MavenRepository\org\opentest4j\opentest4j\1.2.0\opentest4j-1.2.0.jar;C:\lib\maven\MavenRepository\org\junit\platform\junit-platform-commons\1.8.1\junit-platform-commons-1.8.1.jar;C:\lib\maven\MavenRepository\org\apiguardian\apiguardian-api\1.1.2\apiguardian-api-1.1.2.jar;C:\lib\maven\MavenRepository\org\junit\jupiter\junit-jupiter-params\5.8.1\junit-jupiter-params-5.8.1.jar;C:\lib\maven\MavenRepository\org\junit\jupiter\junit-jupiter-engine\5.8.1\junit-jupiter-engine-5.8.1.jar;C:\lib\maven\MavenRepository\org\junit\platform\junit-platform-engine\1.8.1\junit-platform-engine-1.8.1.jar;C:\lib\maven\MavenRepository\mysql\mysql-connector-java\8.0.27\mysql-connector-java-8.0.27.jar;C:\lib\maven\MavenRepository\com\google\protobuf\protobuf-java\3.11.4\protobuf-java-3.11.4.jar;C:\lib\maven\MavenRepository\org\mybatis\mybatis\3.5.7\mybatis-3.5.7.jar;"/>
    <property name="sun.cpu.endian" value="little"/>
    <property name="user.home" value="C:\Users\古峰"/>
    <property name="user.language" value="zh"/>
    <property name="java.specification.vendor" value="Oracle Corporation"/>
    <property name="java.version.date" value="2023-01-17"/>
    <property name="java.home" value="C:\lib\JDK\jdk-19.0.2"/>
    <property name="file.separator" value="\"/>
    <property name="basedir" value="C:\Users\古峰\IdeaProjects\BookManage"/>
    <property name="java.vm.compressedOopsMode" value="Zero based"/>
    <property name="line.separator" value="&#10;"/>
    <property name="java.vm.specification.vendor" value="Oracle Corporation"/>
    <property name="java.specification.name" value="Java Platform API Specification"/>
    <property name="surefire.real.class.path" value="C:\Users\古峰\AppData\Local\Temp\surefire15578611380748662148\surefirebooter17791543699244869958.jar"/>
    <property name="user.script" value=""/>
    <property name="sun.management.compiler" value="HotSpot 64-Bit Tiered Compilers"/>
    <property name="java.runtime.version" value="19.0.2+7-44"/>
    <property name="user.name" value="GuFeng"/>
    <property name="stdout.encoding" value="GBK"/>
    <property name="path.separator" value=";"/>
    <property name="os.version" value="10.0"/>
    <property name="java.runtime.name" value="Java(TM) SE Runtime Environment"/>
    <property name="file.encoding" value="UTF-8"/>
    <property name="java.vm.name" value="Java HotSpot(TM) 64-Bit Server VM"/>
    <property name="localRepository" value="C:\lib\maven\MavenRepository"/>
    <property name="java.vendor.url.bug" value="https://bugreport.java.com/bugreport/"/>
    <property name="java.io.tmpdir" value="C:\Users\古峰\AppData\Local\Temp\"/>
    <property name="idea.version" value="2022.3.2"/>
    <property name="java.version" value="19.0.2"/>
    <property name="user.dir" value="C:\Users\古峰\IdeaProjects\BookManage"/>
    <property name="os.arch" value="amd64"/>
    <property name="java.vm.specification.name" value="Java Virtual Machine Specification"/>
    <property name="sun.os.patch.level" value=""/>
    <property name="native.encoding" value="GBK"/>
    <property name="java.library.path" value="C:\lib\JDK\jdk-19.0.2\bin;C:\WINDOWS\Sun\Java\bin;C:\WINDOWS\system32;C:\WINDOWS;C:\software\VMware\bin\;C:\Windows\system32;C:\Windows;C:\Windows\System32\Wbem;C:\Windows\System32\WindowsPowerShell\v1.0\;C:\Windows\System32\OpenSSH\;C:\Program Files (x86)\NVIDIA Corporation\PhysX\Common;C:\Program Files\NVIDIA Corporation\NVIDIA NvDLISR;C:\Program Files\dotnet\;C:\Program Files\Bandizip\;C:\software\Xshell\;C:\software\Xftp 7\;C:\lib\JDK\jdk-19.0.2\bin;C:\Users\古峰\AppData\Local\Packages\PythonSoftwareFoundation.Python.3.10_qbz5n2kfra8p0\LocalCache\local-packages\Python310\site-packages\django\bin;C:\Users\古峰\AppData\Local\Packages\PythonSoftwareFoundation.Python.3.10_qbz5n2kfra8p0\LocalCache\local-packages\Python310\Scripts;C:\lib\maven\apache-maven-3.9.1\bin;C:\lib\maven\apache-maven-3.9.1\bin;C:\Program Files\MySQL\MySQL Shell 8.0\bin\;C:\Users\古峰\AppData\Local\Microsoft\WindowsApps;C:\Users\古峰\AppData\Local\Packages\PythonSoftwareFoundation.Python.3.10_qbz5n2kfra8p0\LocalCache\local-packages\Python310\site-packages\django\bin\;C:\Users\古峰\AppData\Local\GitHubDesktop\bin;."/>
    <property name="java.vm.info" value="mixed mode, sharing"/>
    <property name="stderr.encoding" value="GBK"/>
    <property name="java.vendor" value="Oracle Corporation"/>
    <property name="java.vm.version" value="19.0.2+7-44"/>
    <property name="sun.io.unicode.encoding" value="UnicodeLittle"/>
    <property name="java.class.version" value="63.0"/>
  </properties>
  <testcase name="test1" classname="com.test.MainTest" time="0.371"/>
  <testcase name="test2" classname="com.test.MainTest" time="0.002"/>
  <testcase name="test3" classname="com.test.MainTest" time="0.002"/>
</testsuite>